c:\users\john\desktop\graphics\animal3d-sdk\animal3d-sdk\project\visualstudio\animal3d-a3dg-opengl\build\x64\v141\debug\animal3d-a3dg-opengl.pdb
c:\users\john\desktop\graphics\animal3d-sdk\animal3d-sdk\project\visualstudio\animal3d-a3dg-opengl\build\x64\v141\debug\animal3d-a3dg-opengl.idb
c:\users\john\desktop\graphics\animal3d-sdk\animal3d-sdk\project\visualstudio\animal3d-a3dg-opengl\build\x64\v141\debug\a3_vertexdrawable.obj
c:\users\john\desktop\graphics\animal3d-sdk\animal3d-sdk\project\visualstudio\animal3d-a3dg-opengl\build\x64\v141\debug\a3_vertexdescriptors.obj
c:\users\john\desktop\graphics\animal3d-sdk\animal3d-sdk\project\visualstudio\animal3d-a3dg-opengl\build\x64\v141\debug\a3_vertexbuffer.obj
c:\users\john\desktop\graphics\animal3d-sdk\animal3d-sdk\project\visualstudio\animal3d-a3dg-opengl\build\x64\v141\debug\a3_textureatlas.obj
c:\users\john\desktop\graphics\animal3d-sdk\animal3d-sdk\project\visualstudio\animal3d-a3dg-opengl\build\x64\v141\debug\a3_texture.obj
c:\users\john\desktop\graphics\animal3d-sdk\animal3d-sdk\project\visualstudio\animal3d-a3dg-opengl\build\x64\v141\debug\a3_textrenderer.obj
c:\users\john\desktop\graphics\animal3d-sdk\animal3d-sdk\project\visualstudio\animal3d-a3dg-opengl\build\x64\v141\debug\a3_shaderprogram.obj
c:\users\john\desktop\graphics\animal3d-sdk\animal3d-sdk\project\visualstudio\animal3d-a3dg-opengl\build\x64\v141\debug\a3_material.obj
c:\users\john\desktop\graphics\animal3d-sdk\animal3d-sdk\project\visualstudio\animal3d-a3dg-opengl\build\x64\v141\debug\a3_graphicsobjecthandle.obj
c:\users\john\desktop\graphics\animal3d-sdk\animal3d-sdk\project\visualstudio\animal3d-a3dg-opengl\build\x64\v141\debug\a3_framebuffer.obj
c:\users\john\desktop\graphics\animal3d-sdk\animal3d-sdk\project\visualstudio\animal3d-a3dg-opengl\build\x64\v141\debug\a3_bufferobject.obj
c:\users\john\desktop\graphics\animal3d-sdk\animal3d-sdk\project\visualstudio\animal3d-a3dg-opengl\build\x64\v141\debug\a3_vertexdrawable-opengl.obj
c:\users\john\desktop\graphics\animal3d-sdk\animal3d-sdk\project\visualstudio\animal3d-a3dg-opengl\build\x64\v141\debug\a3_vertexbuffer-opengl.obj
c:\users\john\desktop\graphics\animal3d-sdk\animal3d-sdk\project\visualstudio\animal3d-a3dg-opengl\build\x64\v141\debug\a3_uniformbuffer-opengl.obj
c:\users\john\desktop\graphics\animal3d-sdk\animal3d-sdk\project\visualstudio\animal3d-a3dg-opengl\build\x64\v141\debug\a3_texture-opengl.obj
c:\users\john\desktop\graphics\animal3d-sdk\animal3d-sdk\project\visualstudio\animal3d-a3dg-opengl\build\x64\v141\debug\a3_textrenderer-opengl.obj
c:\users\john\desktop\graphics\animal3d-sdk\animal3d-sdk\project\visualstudio\animal3d-a3dg-opengl\build\x64\v141\debug\a3_shaderprogram-opengl.obj
c:\users\john\desktop\graphics\animal3d-sdk\animal3d-sdk\project\visualstudio\animal3d-a3dg-opengl\build\x64\v141\debug\a3_material-opengl.obj
c:\users\john\desktop\graphics\animal3d-sdk\animal3d-sdk\project\visualstudio\animal3d-a3dg-opengl\build\x64\v141\debug\a3_framebuffer-opengl.obj
c:\users\john\desktop\graphics\animal3d-sdk\animal3d-sdk\project\visualstudio\animal3d-a3dg-opengl\build\x64\v141\debug\a3_bufferobject-opengl.obj
c:\users\john\desktop\graphics\animal3d-sdk\animal3d-sdk\project\visualstudio\animal3d-a3dg-opengl\build\x64\v141\debug\a3_app_renderer-opengl.obj
c:\users\john\desktop\graphics\animal3d-sdk\animal3d-sdk\project\visualstudio\animal3d-a3dg-opengl\build\x64\v141\debug\animal3d-a3dg.obj
c:\users\john\desktop\graphics\animal3d-sdk\animal3d-sdk\lib\x64\v141\debug\animal3d-a3dg-opengl.lib
c:\users\john\desktop\graphics\animal3d-sdk\animal3d-sdk\lib\x64\v141\debug\animal3d-a3dg-opengl.pdb
c:\users\john\desktop\graphics\animal3d-sdk\animal3d-sdk\project\visualstudio\animal3d-a3dg-opengl\build\x64\v141\debug\animal3d.7484eb6d.tlog\cl.command.1.tlog
c:\users\john\desktop\graphics\animal3d-sdk\animal3d-sdk\project\visualstudio\animal3d-a3dg-opengl\build\x64\v141\debug\animal3d.7484eb6d.tlog\cl.read.1.tlog
c:\users\john\desktop\graphics\animal3d-sdk\animal3d-sdk\project\visualstudio\animal3d-a3dg-opengl\build\x64\v141\debug\animal3d.7484eb6d.tlog\cl.write.1.tlog
c:\users\john\desktop\graphics\animal3d-sdk\animal3d-sdk\project\visualstudio\animal3d-a3dg-opengl\build\x64\v141\debug\animal3d.7484eb6d.tlog\lib-link.read.1.tlog
c:\users\john\desktop\graphics\animal3d-sdk\animal3d-sdk\project\visualstudio\animal3d-a3dg-opengl\build\x64\v141\debug\animal3d.7484eb6d.tlog\lib-link.write.1.tlog
c:\users\john\desktop\graphics\animal3d-sdk\animal3d-sdk\project\visualstudio\animal3d-a3dg-opengl\build\x64\v141\debug\animal3d.7484eb6d.tlog\lib.command.1.tlog
