c:\users\john\desktop\graphics\animal3d-sdk\animal3d-sdk\lib\x64\v141\debug\animal3d-demoproject.lib
c:\users\john\desktop\graphics\animal3d-sdk\animal3d-sdk\lib\x64\v141\debug\animal3d-demoproject.exp
c:\users\john\desktop\graphics\animal3d-sdk\animal3d-sdk\project\visualstudio\animal3d-demoproject\build\x64\v141\debug\vc141.pdb
c:\users\john\desktop\graphics\animal3d-sdk\animal3d-sdk\project\visualstudio\animal3d-demoproject\build\x64\v141\debug\main_dll.obj
c:\users\john\desktop\graphics\animal3d-sdk\animal3d-sdk\project\visualstudio\animal3d-demoproject\build\x64\v141\debug\a3_demosceneobject.obj
c:\users\john\desktop\graphics\animal3d-sdk\animal3d-sdk\project\visualstudio\animal3d-demoproject\build\x64\v141\debug\a3_renderpipeline.obj
c:\users\john\desktop\graphics\animal3d-sdk\animal3d-sdk\project\visualstudio\animal3d-demoproject\build\x64\v141\debug\a3_demo_callbacks.obj
c:\users\john\desktop\graphics\animal3d-sdk\animal3d-sdk\project\visualstudio\animal3d-demoproject\build\x64\v141\debug\a3_demostate_unloading.obj
c:\users\john\desktop\graphics\animal3d-sdk\animal3d-sdk\project\visualstudio\animal3d-demoproject\build\x64\v141\debug\a3_demostate_loading.obj
c:\users\john\desktop\graphics\animal3d-sdk\animal3d-sdk\project\visualstudio\animal3d-demoproject\build\x64\v141\debug\a3_demostate_initialize.obj
c:\users\john\desktop\graphics\animal3d-sdk\animal3d-sdk\project\visualstudio\animal3d-demoproject\build\x64\v141\debug\a3_demostate_idle-update.obj
c:\users\john\desktop\graphics\animal3d-sdk\animal3d-sdk\project\visualstudio\animal3d-demoproject\build\x64\v141\debug\a3_demostate_idle-render.obj
c:\users\john\desktop\graphics\animal3d-sdk\animal3d-sdk\project\visualstudio\animal3d-demoproject\build\x64\v141\debug\a3_demostate_idle-input.obj
c:\users\john\desktop\graphics\animal3d-sdk\animal3d-sdk\lib\x64\v141\debug\animal3d-demoproject.ilk
c:\users\john\desktop\graphics\animal3d-sdk\animal3d-sdk\lib\x64\v141\debug\animal3d-demoproject.dll
c:\users\john\desktop\graphics\animal3d-sdk\animal3d-sdk\lib\x64\v141\debug\animal3d-demoproject.pdb
c:\users\john\desktop\graphics\animal3d-sdk\animal3d-sdk\project\visualstudio\animal3d-demoproject\build\x64\v141\debug\animal3d.3510fdb9.tlog\animal3d-demoproject.write.1u.tlog
c:\users\john\desktop\graphics\animal3d-sdk\animal3d-sdk\project\visualstudio\animal3d-demoproject\build\x64\v141\debug\animal3d.3510fdb9.tlog\cl.command.1.tlog
c:\users\john\desktop\graphics\animal3d-sdk\animal3d-sdk\project\visualstudio\animal3d-demoproject\build\x64\v141\debug\animal3d.3510fdb9.tlog\cl.read.1.tlog
c:\users\john\desktop\graphics\animal3d-sdk\animal3d-sdk\project\visualstudio\animal3d-demoproject\build\x64\v141\debug\animal3d.3510fdb9.tlog\cl.write.1.tlog
c:\users\john\desktop\graphics\animal3d-sdk\animal3d-sdk\project\visualstudio\animal3d-demoproject\build\x64\v141\debug\animal3d.3510fdb9.tlog\link.command.1.tlog
c:\users\john\desktop\graphics\animal3d-sdk\animal3d-sdk\project\visualstudio\animal3d-demoproject\build\x64\v141\debug\animal3d.3510fdb9.tlog\link.read.1.tlog
c:\users\john\desktop\graphics\animal3d-sdk\animal3d-sdk\project\visualstudio\animal3d-demoproject\build\x64\v141\debug\animal3d.3510fdb9.tlog\link.write.1.tlog
